--- example.s	2025-12-29 16:05:30.540259500 +0800
+++ example_my.s	2025-12-29 16:37:24.784236200 +0800
@@ -1,3 +1,4 @@
+# start of generated code
 	.data
 	.align	2
 	.globl	class_nameTab
@@ -25,7 +26,7 @@
 _MemMgr_TEST:
 	.word	0
 	.word	-1
-str_const8:
+str_const11:
 	.word	4
 	.word	5
 	.word	String_dispTab
@@ -33,7 +34,7 @@
 	.byte	0	
 	.align	2
 	.word	-1
-str_const7:
+str_const10:
 	.word	4
 	.word	6
 	.word	String_dispTab
@@ -42,7 +43,7 @@
 	.byte	0	
 	.align	2
 	.word	-1
-str_const6:
+str_const9:
 	.word	4
 	.word	6
 	.word	String_dispTab
@@ -51,7 +52,7 @@
 	.byte	0	
 	.align	2
 	.word	-1
-str_const5:
+str_const8:
 	.word	4
 	.word	6
 	.word	String_dispTab
@@ -60,7 +61,7 @@
 	.byte	0	
 	.align	2
 	.word	-1
-str_const4:
+str_const7:
 	.word	4
 	.word	5
 	.word	String_dispTab
@@ -69,7 +70,7 @@
 	.byte	0	
 	.align	2
 	.word	-1
-str_const3:
+str_const6:
 	.word	4
 	.word	5
 	.word	String_dispTab
@@ -78,7 +79,7 @@
 	.byte	0	
 	.align	2
 	.word	-1
-str_const2:
+str_const5:
 	.word	4
 	.word	6
 	.word	String_dispTab
@@ -87,11 +88,38 @@
 	.byte	0	
 	.align	2
 	.word	-1
+str_const4:
+	.word	4
+	.word	7
+	.word	String_dispTab
+	.word	int_const5
+	.ascii	"_prim_slot"
+	.byte	0	
+	.align	2
+	.word	-1
+str_const3:
+	.word	4
+	.word	7
+	.word	String_dispTab
+	.word	int_const6
+	.ascii	"SELF_TYPE"
+	.byte	0	
+	.align	2
+	.word	-1
+str_const2:
+	.word	4
+	.word	7
+	.word	String_dispTab
+	.word	int_const6
+	.ascii	"_no_class"
+	.byte	0	
+	.align	2
+	.word	-1
 str_const1:
 	.word	4
 	.word	8
 	.word	String_dispTab
-	.word	int_const5
+	.word	int_const7
 	.ascii	"<basic class>"
 	.byte	0	
 	.align	2
@@ -100,22 +128,28 @@
 	.word	4
 	.word	7
 	.word	String_dispTab
-	.word	int_const6
+	.word	int_const5
 	.ascii	"example.cl"
 	.byte	0	
 	.align	2
 	.word	-1
+int_const7:
+	.word	2
+	.word	4
+	.word	Int_dispTab
+	.word	13
+	.word	-1
 int_const6:
 	.word	2
 	.word	4
 	.word	Int_dispTab
-	.word	10
+	.word	9
 	.word	-1
 int_const5:
 	.word	2
 	.word	4
 	.word	Int_dispTab
-	.word	13
+	.word	10
 	.word	-1
 int_const4:
 	.word	2
@@ -159,12 +193,12 @@
 	.word	Bool_dispTab
 	.word	1
 class_nameTab:
-	.word	str_const2
-	.word	str_const3
-	.word	str_const4
 	.word	str_const5
 	.word	str_const6
 	.word	str_const7
+	.word	str_const8
+	.word	str_const9
+	.word	str_const10
 class_objTab:
 	.word	Object_protObj
 	.word	Object_init
@@ -182,50 +216,49 @@
 	.word	Object.abort
 	.word	Object.type_name
 	.word	Object.copy
-Main_dispTab:
+IO_dispTab:
 	.word	Object.abort
 	.word	Object.type_name
 	.word	Object.copy
-	.word	Main.main
-String_dispTab:
+	.word	IO.out_string
+	.word	IO.out_int
+	.word	IO.in_string
+	.word	IO.in_int
+Int_dispTab:
 	.word	Object.abort
 	.word	Object.type_name
 	.word	Object.copy
-	.word	String.length
-	.word	String.concat
-	.word	String.substr
 Bool_dispTab:
 	.word	Object.abort
 	.word	Object.type_name
 	.word	Object.copy
-Int_dispTab:
+String_dispTab:
 	.word	Object.abort
 	.word	Object.type_name
 	.word	Object.copy
-IO_dispTab:
+	.word	String.length
+	.word	String.concat
+	.word	String.substr
+Main_dispTab:
 	.word	Object.abort
 	.word	Object.type_name
 	.word	Object.copy
-	.word	IO.out_string
-	.word	IO.out_int
-	.word	IO.in_string
-	.word	IO.in_int
+	.word	Main.main
 	.word	-1
 Object_protObj:
 	.word	0
 	.word	3
 	.word	Object_dispTab
 	.word	-1
-Main_protObj:
-	.word	5
+IO_protObj:
+	.word	1
 	.word	3
-	.word	Main_dispTab
+	.word	IO_dispTab
 	.word	-1
-String_protObj:
+Int_protObj:
+	.word	2
 	.word	4
-	.word	5
-	.word	String_dispTab
-	.word	int_const0
+	.word	Int_dispTab
 	.word	0
 	.word	-1
 Bool_protObj:
@@ -234,16 +267,17 @@
 	.word	Bool_dispTab
 	.word	0
 	.word	-1
-Int_protObj:
-	.word	2
+String_protObj:
 	.word	4
-	.word	Int_dispTab
+	.word	5
+	.word	String_dispTab
+	.word	int_const0
 	.word	0
 	.word	-1
-IO_protObj:
-	.word	1
+Main_protObj:
+	.word	5
 	.word	3
-	.word	IO_dispTab
+	.word	Main_dispTab
 	.globl	heap_start
 heap_start:
 	.word	0
@@ -266,7 +300,7 @@
 	lw	$ra 4($sp)
 	addiu	$sp $sp 12
 	jr	$ra	
-Main_init:
+IO_init:
 	addiu	$sp $sp -12
 	sw	$fp 12($sp)
 	sw	$s0 8($sp)
@@ -280,7 +314,7 @@
 	lw	$ra 4($sp)
 	addiu	$sp $sp 12
 	jr	$ra	
-String_init:
+Int_init:
 	addiu	$sp $sp -12
 	sw	$fp 12($sp)
 	sw	$s0 8($sp)
@@ -308,7 +342,7 @@
 	lw	$ra 4($sp)
 	addiu	$sp $sp 12
 	jr	$ra	
-Int_init:
+String_init:
 	addiu	$sp $sp -12
 	sw	$fp 12($sp)
 	sw	$s0 8($sp)
@@ -322,7 +356,7 @@
 	lw	$ra 4($sp)
 	addiu	$sp $sp 12
 	jr	$ra	
-IO_init:
+Main_init:
 	addiu	$sp $sp -12
 	sw	$fp 12($sp)
 	sw	$s0 8($sp)
@@ -348,4 +382,7 @@
 	lw	$s0 8($sp)
 	lw	$ra 4($sp)
 	addiu	$sp $sp 12
+	addiu	$sp $sp 0
 	jr	$ra	
+
+# end of generated code
